<?xml version="1.0" encoding="UTF-8"?>
<!-- Generated by org.testng.reporters.JUnitXMLReporter -->
<testsuite hostname="DESKTOP-HE27JAK" ignored="0" name="Test" tests="7" failures="0" timestamp="2021-12-19T23:53:20 IST" time="0.489" errors="0">
  <testcase name="@BeforeClass Setup" time="0.384" classname="com.atipune.pom.testpages.MyAccountsPageTests">
    <failure type="java.lang.IllegalStateException" message="The driver executable does not exist: D:\Sep_Mrng_2021_JavaAutomation\POM\drivers\chromedriver.exe">
      <![CDATA[java.lang.IllegalStateException: The driver executable does not exist: D:\Sep_Mrng_2021_JavaAutomation\POM\drivers\chromedriver.exe
at com.google.common.base.Preconditions.checkState(Preconditions.java:585)
at org.openqa.selenium.remote.service.DriverService.checkExecutable(DriverService.java:146)
at org.openqa.selenium.remote.service.DriverService.findExecutable(DriverService.java:141)
at org.openqa.selenium.chrome.ChromeDriverService.access$000(ChromeDriverService.java:35)
at org.openqa.selenium.chrome.ChromeDriverService$Builder.findDefaultExecutable(ChromeDriverService.java:159)
at org.openqa.selenium.remote.service.DriverService$Builder.build(DriverService.java:355)
at org.openqa.selenium.chrome.ChromeDriverService.createDefaultService(ChromeDriverService.java:94)
at org.openqa.selenium.chrome.ChromeDriver.<init>(ChromeDriver.java:123)
at com.atipune.pom.testpages.TestBase.initDriver(TestBase.java:13)
at com.atipune.pom.testpages.MyAccountsPageTests.Setup(MyAccountsPageTests.java:22)
at java.util.ArrayList.forEach(ArrayList.java:1259)
... Removed 29 stack frames]]>
    </failure>
  </testcase> <!-- @BeforeClass Setup -->
  <testcase name="@AfterClass tearDown" time="-1.639938200166E9" classname="com.atipune.pom.testpages.MyAccountsPageTests">
    <skipped/>
  </testcase> <!-- @AfterClass tearDown -->
  <testcase name="@BeforeClass Setup" time="0.003" classname="com.atipune.pom.testpages.HomePageTests">
    <failure type="java.lang.IllegalStateException" message="The driver executable does not exist: D:\Sep_Mrng_2021_JavaAutomation\POM\drivers\chromedriver.exe">
      <![CDATA[java.lang.IllegalStateException: The driver executable does not exist: D:\Sep_Mrng_2021_JavaAutomation\POM\drivers\chromedriver.exe
at com.google.common.base.Preconditions.checkState(Preconditions.java:585)
at org.openqa.selenium.remote.service.DriverService.checkExecutable(DriverService.java:146)
at org.openqa.selenium.remote.service.DriverService.findExecutable(DriverService.java:141)
at org.openqa.selenium.chrome.ChromeDriverService.access$000(ChromeDriverService.java:35)
at org.openqa.selenium.chrome.ChromeDriverService$Builder.findDefaultExecutable(ChromeDriverService.java:159)
at org.openqa.selenium.remote.service.DriverService$Builder.build(DriverService.java:355)
at org.openqa.selenium.chrome.ChromeDriverService.createDefaultService(ChromeDriverService.java:94)
at org.openqa.selenium.chrome.ChromeDriver.<init>(ChromeDriver.java:123)
at com.atipune.pom.testpages.TestBase.initDriver(TestBase.java:13)
at com.atipune.pom.testpages.HomePageTests.Setup(HomePageTests.java:22)
at java.util.ArrayList.forEach(ArrayList.java:1259)
... Removed 29 stack frames]]>
    </failure>
  </testcase> <!-- @BeforeClass Setup -->
  <testcase name="@AfterClass tearDown" time="-1.639938200182E9" classname="com.atipune.pom.testpages.HomePageTests">
    <skipped/>
  </testcase> <!-- @AfterClass tearDown -->
  <testcase name="verifyloginToMyAccount" time="0.0" classname="com.atipune.pom.testpages.MyAccountsPageTests">
    <skipped/>
  </testcase> <!-- verifyloginToMyAccount -->
  <testcase name="verfiyLogoutToMyAccount" time="0.0" classname="com.atipune.pom.testpages.MyAccountsPageTests">
    <skipped/>
  </testcase> <!-- verfiyLogoutToMyAccount -->
  <testcase name="verifyHomePageTitle" time="0.0" classname="com.atipune.pom.testpages.HomePageTests">
    <skipped/>
  </testcase> <!-- verifyHomePageTitle -->
  <testcase name="verifyNewArrivalsDisplayed" time="0.0" classname="com.atipune.pom.testpages.HomePageTests">
    <skipped/>
  </testcase> <!-- verifyNewArrivalsDisplayed -->
  <testcase name="verifyFirstBookTitle" time="0.0" classname="com.atipune.pom.testpages.HomePageTests">
    <skipped/>
  </testcase> <!-- verifyFirstBookTitle -->
  <testcase name="verifySecondBookTitle" time="0.0" classname="com.atipune.pom.testpages.HomePageTests">
    <skipped/>
  </testcase> <!-- verifySecondBookTitle -->
  <testcase name="verifyThrirdBookTitle" time="0.0" classname="com.atipune.pom.testpages.HomePageTests">
    <skipped/>
  </testcase> <!-- verifyThrirdBookTitle -->
</testsuite> <!-- Test -->
